open file data.txt success
open file data.txt success
2015-10-18 18:03:44,064 DEBUG: xxx
2015-10-18 18:03:44,064 DEBUG: xxx
2015-10-18 23:23:41,233 DEBUG: match title title
2015-10-18 23:23:41,233 DEBUG: match Content key1=value1
2015-10-18 23:23:41,233 DEBUG: match Content key2=value2
2015-10-18 23:23:41,233 DEBUG: match Content key3=value3#xxx
2015-10-18 23:23:41,233 DEBUG: match title title
2015-10-18 23:23:41,233 DEBUG: match Content key1=value1
2015-10-18 23:23:41,233 DEBUG: match Content key2=value2
2015-10-18 23:23:41,233 DEBUG: match Content key3=value3#xxx
2015-10-18 23:26:03,548 DEBUG: match title title
2015-10-18 23:26:03,548 DEBUG: match Content key1=value1
2015-10-18 23:26:03,548 DEBUG: match Content key2=value2
2015-10-18 23:26:03,548 DEBUG: match Content key3=value3#xxx
2015-10-18 23:26:03,548 DEBUG: match title title
2015-10-18 23:26:03,558 DEBUG: match Content key1=value1
2015-10-18 23:26:03,558 DEBUG: match Content key2=value2
2015-10-18 23:26:03,558 DEBUG: match Content key3=value3#xxx
2015-10-18 23:26:05,456 DEBUG: match title title
2015-10-18 23:26:05,456 DEBUG: match Content key1=value1
2015-10-18 23:26:05,456 DEBUG: match Content key2=value2
2015-10-18 23:26:05,456 DEBUG: match Content key3=value3#xxx
2015-10-18 23:26:05,456 DEBUG: match title title
2015-10-18 23:26:05,456 DEBUG: match Content key1=value1
2015-10-18 23:26:05,456 DEBUG: match Content key2=value2
2015-10-18 23:26:05,456 DEBUG: match Content key3=value3#xxx
2015-10-18 23:27:21,897 DEBUG: match title title
2015-10-18 23:27:21,897 DEBUG: match Content key1=value1
2015-10-18 23:27:21,897 DEBUG: match Content key2=value2
2015-10-18 23:27:21,897 DEBUG: match Content key3=value3#xxx
2015-10-18 23:27:21,897 DEBUG: match title title
2015-10-18 23:27:21,897 DEBUG: match Content key1=value1
2015-10-18 23:27:21,897 DEBUG: match Content key2=value2
2015-10-18 23:27:21,897 DEBUG: match Content key3=value3#xxx
2015-10-18 23:27:46,670 DEBUG: match title title
2015-10-18 23:27:46,670 DEBUG: match Content key1=value1
2015-10-18 23:27:46,670 DEBUG: match Content key2=value2
2015-10-18 23:27:46,670 DEBUG: match Content key3=value3#xxx
2015-10-18 23:27:46,670 DEBUG: match title title
2015-10-18 23:27:46,670 DEBUG: match Content key1=value1
2015-10-18 23:27:46,670 DEBUG: match Content key2=value2
2015-10-18 23:27:46,686 DEBUG: match Content key3=value3#xxx
2015-10-18 23:27:49,057 DEBUG: match title title
2015-10-18 23:27:49,057 DEBUG: match Content key1=value1
2015-10-18 23:27:49,057 DEBUG: match Content key2=value2
2015-10-18 23:27:49,057 DEBUG: match Content key3=value3#xxx
2015-10-18 23:27:49,057 DEBUG: match title title
2015-10-18 23:27:49,057 DEBUG: match Content key1=value1
2015-10-18 23:27:49,057 DEBUG: match Content key2=value2
2015-10-18 23:27:49,057 DEBUG: match Content key3=value3#xxx
2015-10-18 23:27:50,601 DEBUG: match title title
2015-10-18 23:27:50,601 DEBUG: match Content key1=value1
2015-10-18 23:27:50,601 DEBUG: match Content key2=value2
2015-10-18 23:27:50,601 DEBUG: match Content key3=value3#xxx
2015-10-18 23:27:50,601 DEBUG: match title title
2015-10-18 23:27:50,601 DEBUG: match Content key1=value1
2015-10-18 23:27:50,617 DEBUG: match Content key2=value2
2015-10-18 23:27:50,617 DEBUG: match Content key3=value3#xxx
2015-10-18 23:27:51,802 DEBUG: match title title
2015-10-18 23:27:51,802 DEBUG: match Content key1=value1
2015-10-18 23:27:51,802 DEBUG: match Content key2=value2
2015-10-18 23:27:51,802 DEBUG: match Content key3=value3#xxx
2015-10-18 23:27:51,802 DEBUG: match title title
2015-10-18 23:27:51,802 DEBUG: match Content key1=value1
2015-10-18 23:27:51,802 DEBUG: match Content key2=value2
2015-10-18 23:27:51,802 DEBUG: match Content key3=value3#xxx
2015-10-18 23:28:07,137 DEBUG: match title title
2015-10-18 23:28:07,137 DEBUG: match Content key1=value1
2015-10-18 23:28:07,137 DEBUG: match Content key2=value2
2015-10-18 23:28:07,137 DEBUG: match Content key3=value3#xxx
2015-10-18 23:28:07,137 DEBUG: match title title
2015-10-18 23:28:07,137 DEBUG: match Content key1=value1
2015-10-18 23:28:07,137 DEBUG: match Content key2=value2
2015-10-18 23:28:07,137 DEBUG: match Content key3=value3#xxx
2015-10-18 23:28:09,041 DEBUG: match title title
2015-10-18 23:28:09,041 DEBUG: match Content key1=value1
2015-10-18 23:28:09,041 DEBUG: match Content key2=value2
2015-10-18 23:28:09,041 DEBUG: match Content key3=value3#xxx
2015-10-18 23:28:09,041 DEBUG: match title title
2015-10-18 23:28:09,056 DEBUG: match Content key1=value1
2015-10-18 23:28:09,056 DEBUG: match Content key2=value2
2015-10-18 23:28:09,056 DEBUG: match Content key3=value3#xxx
2015-10-18 23:28:10,227 DEBUG: match title title
2015-10-18 23:28:10,227 DEBUG: match Content key1=value1
2015-10-18 23:28:10,227 DEBUG: match Content key2=value2
2015-10-18 23:28:10,227 DEBUG: match Content key3=value3#xxx
2015-10-18 23:28:10,227 DEBUG: match title title
2015-10-18 23:28:10,242 DEBUG: match Content key1=value1
2015-10-18 23:28:10,242 DEBUG: match Content key2=value2
2015-10-18 23:28:10,242 DEBUG: match Content key3=value3#xxx
2015-10-18 23:28:11,380 DEBUG: match title title
2015-10-18 23:28:11,380 DEBUG: match Content key1=value1
2015-10-18 23:28:11,380 DEBUG: match Content key2=value2
2015-10-18 23:28:11,380 DEBUG: match Content key3=value3#xxx
2015-10-18 23:28:11,380 DEBUG: match title title
2015-10-18 23:28:11,396 DEBUG: match Content key1=value1
2015-10-18 23:28:11,396 DEBUG: match Content key2=value2
2015-10-18 23:28:11,396 DEBUG: match Content key3=value3#xxx
2015-10-18 23:28:12,364 DEBUG: match title title
2015-10-18 23:28:12,364 DEBUG: match Content key1=value1
2015-10-18 23:28:12,364 DEBUG: match Content key2=value2
2015-10-18 23:28:12,364 DEBUG: match Content key3=value3#xxx
2015-10-18 23:28:12,364 DEBUG: match title title
2015-10-18 23:28:12,379 DEBUG: match Content key1=value1
2015-10-18 23:28:12,379 DEBUG: match Content key2=value2
2015-10-18 23:28:12,379 DEBUG: match Content key3=value3#xxx
2015-10-18 23:28:13,347 DEBUG: match title title
2015-10-18 23:28:13,347 DEBUG: match Content key1=value1
2015-10-18 23:28:13,347 DEBUG: match Content key2=value2
2015-10-18 23:28:13,347 DEBUG: match Content key3=value3#xxx
2015-10-18 23:28:13,347 DEBUG: match title title
2015-10-18 23:28:13,362 DEBUG: match Content key1=value1
2015-10-18 23:28:13,362 DEBUG: match Content key2=value2
2015-10-18 23:28:13,362 DEBUG: match Content key3=value3#xxx
2015-10-18 23:28:14,267 DEBUG: match title title
2015-10-18 23:28:14,267 DEBUG: match Content key1=value1
2015-10-18 23:28:14,267 DEBUG: match Content key2=value2
2015-10-18 23:28:14,267 DEBUG: match Content key3=value3#xxx
2015-10-18 23:28:14,267 DEBUG: match title title
2015-10-18 23:28:14,282 DEBUG: match Content key1=value1
2015-10-18 23:28:14,282 DEBUG: match Content key2=value2
2015-10-18 23:28:14,282 DEBUG: match Content key3=value3#xxx
2015-10-18 23:28:52,861 DEBUG: match title title
2015-10-18 23:28:52,861 DEBUG: match Content key1=value1
2015-10-18 23:28:52,861 DEBUG: match Content key2=value2
2015-10-18 23:28:52,861 DEBUG: match Content key3=value3#xxx
2015-10-18 23:28:52,861 DEBUG: match title title
2015-10-18 23:28:52,861 DEBUG: match Content key1=value1
2015-10-18 23:28:52,861 DEBUG: match Content key2=value2
2015-10-18 23:28:52,877 DEBUG: match Content key3=value3#xxx
2015-10-18 23:28:54,967 DEBUG: match title title
2015-10-18 23:28:54,967 DEBUG: match Content key1=value1
2015-10-18 23:28:54,967 DEBUG: match Content key2=value2
2015-10-18 23:28:54,967 DEBUG: match Content key3=value3#xxx
2015-10-18 23:28:54,967 DEBUG: match title title
2015-10-18 23:28:54,967 DEBUG: match Content key1=value1
2015-10-18 23:28:54,967 DEBUG: match Content key2=value2
2015-10-18 23:28:54,967 DEBUG: match Content key3=value3#xxx
2015-10-18 23:28:56,106 DEBUG: match title title
2015-10-18 23:28:56,106 DEBUG: match Content key1=value1
2015-10-18 23:28:56,106 DEBUG: match Content key2=value2
2015-10-18 23:28:56,106 DEBUG: match Content key3=value3#xxx
2015-10-18 23:28:56,106 DEBUG: match title title
2015-10-18 23:28:56,106 DEBUG: match Content key1=value1
2015-10-18 23:28:56,121 DEBUG: match Content key2=value2
2015-10-18 23:28:56,121 DEBUG: match Content key3=value3#xxx
2015-10-18 23:28:57,198 DEBUG: match title title
2015-10-18 23:28:57,198 DEBUG: match Content key1=value1
2015-10-18 23:28:57,198 DEBUG: match Content key2=value2
2015-10-18 23:28:57,198 DEBUG: match Content key3=value3#xxx
2015-10-18 23:28:57,198 DEBUG: match title title
2015-10-18 23:28:57,198 DEBUG: match Content key1=value1
2015-10-18 23:28:57,198 DEBUG: match Content key2=value2
2015-10-18 23:28:57,214 DEBUG: match Content key3=value3#xxx
2015-10-18 23:28:58,087 DEBUG: match title title
2015-10-18 23:28:58,087 DEBUG: match Content key1=value1
2015-10-18 23:28:58,087 DEBUG: match Content key2=value2
2015-10-18 23:28:58,087 DEBUG: match Content key3=value3#xxx
2015-10-18 23:28:58,087 DEBUG: match title title
2015-10-18 23:28:58,087 DEBUG: match Content key1=value1
2015-10-18 23:28:58,103 DEBUG: match Content key2=value2
2015-10-18 23:28:58,103 DEBUG: match Content key3=value3#xxx
2015-10-18 23:30:52,280 DEBUG: match title title
2015-10-18 23:30:52,280 DEBUG: match Content key1=value1
2015-10-18 23:34:12,523 DEBUG: match title title
2015-10-18 23:36:15,888 DEBUG: match title title
2015-10-18 23:36:15,888 DEBUG: match Content key1=value1
2015-10-18 23:36:36,645 DEBUG: match title title
2015-10-18 23:36:36,646 DEBUG: match Content key1=value1
2015-10-18 23:37:11,971 DEBUG: match title title
2015-10-18 23:37:11,971 DEBUG: match Content key1=value1
2015-10-18 23:37:11,971 DEBUG: match Content key2=value2
2015-10-18 23:37:11,971 DEBUG: match Content key3=value3#xxx
2015-10-18 23:37:11,971 DEBUG: match title title
2015-10-18 23:37:11,971 DEBUG: match Content key1=value1
2015-10-18 23:37:11,971 DEBUG: match Content key2=value2
2015-10-18 23:37:11,987 DEBUG: match Content key3=value3#xxx
2015-10-18 23:39:43,791 DEBUG: match title title
2015-10-18 23:39:43,791 DEBUG: match Content key1=value1
2015-10-18 23:39:43,791 DEBUG: match Content key2=value2
2015-10-18 23:39:43,791 DEBUG: match Content key3=value3#xxx
2015-10-18 23:39:55,506 DEBUG: match title title
2015-10-18 23:39:55,506 DEBUG: match Content key1=value1
2015-10-18 23:39:55,506 DEBUG: match Content key2=value2
2015-10-18 23:39:55,506 DEBUG: match Content key3=value3#xxx
2015-10-18 23:39:55,506 DEBUG: match title title
2015-10-18 23:39:55,522 DEBUG: match Content key1=value1
2015-10-18 23:39:55,522 DEBUG: match Content key2=value2
2015-10-18 23:39:55,522 DEBUG: match Content key3=value3#xxx
2015-10-18 23:40:05,959 DEBUG: match title title
2015-10-18 23:40:05,959 DEBUG: match Content key1=value1
2015-10-18 23:40:05,959 DEBUG: match Content key2=value2
2015-10-18 23:40:05,959 DEBUG: match Content key3=value3#xxx
2015-10-18 23:40:05,959 DEBUG: match title title
2015-10-18 23:40:05,959 DEBUG: match Content key1=value1
2015-10-18 23:40:05,959 DEBUG: match Content key2=value2
2015-10-18 23:40:05,959 DEBUG: match Content key3=value3#xxx
2015-10-18 23:40:06,957 DEBUG: match title title
2015-10-18 23:40:06,957 DEBUG: match Content key1=value1
2015-10-18 23:40:06,957 DEBUG: match Content key2=value2
2015-10-18 23:40:06,957 DEBUG: match Content key3=value3#xxx
2015-10-18 23:40:06,957 DEBUG: match title title
2015-10-18 23:40:06,957 DEBUG: match Content key1=value1
2015-10-18 23:40:06,957 DEBUG: match Content key2=value2
2015-10-18 23:40:06,957 DEBUG: match Content key3=value3#xxx
2015-10-18 23:40:07,659 DEBUG: match title title
2015-10-18 23:40:07,659 DEBUG: match Content key1=value1
2015-10-18 23:40:07,659 DEBUG: match Content key2=value2
2015-10-18 23:40:07,659 DEBUG: match Content key3=value3#xxx
2015-10-18 23:40:07,659 DEBUG: match title title
2015-10-18 23:40:07,659 DEBUG: match Content key1=value1
2015-10-18 23:40:07,675 DEBUG: match Content key2=value2
2015-10-18 23:40:07,675 DEBUG: match Content key3=value3#xxx
2015-10-18 23:40:08,299 DEBUG: match title title
2015-10-18 23:40:08,299 DEBUG: match Content key1=value1
2015-10-18 23:40:08,299 DEBUG: match Content key2=value2
2015-10-18 23:40:08,299 DEBUG: match Content key3=value3#xxx
2015-10-18 23:40:08,299 DEBUG: match title title
2015-10-18 23:40:08,314 DEBUG: match Content key1=value1
2015-10-18 23:40:08,314 DEBUG: match Content key2=value2
2015-10-18 23:40:08,314 DEBUG: match Content key3=value3#xxx
2015-10-18 23:40:09,001 DEBUG: match title title
2015-10-18 23:40:09,001 DEBUG: match Content key1=value1
2015-10-18 23:40:09,001 DEBUG: match Content key2=value2
2015-10-18 23:40:09,001 DEBUG: match Content key3=value3#xxx
2015-10-18 23:40:09,016 DEBUG: match title title
2015-10-18 23:40:09,016 DEBUG: match Content key1=value1
2015-10-18 23:40:09,016 DEBUG: match Content key2=value2
2015-10-18 23:40:09,016 DEBUG: match Content key3=value3#xxx
2015-10-18 23:40:09,718 DEBUG: match title title
2015-10-18 23:40:09,718 DEBUG: match Content key1=value1
2015-10-18 23:40:09,718 DEBUG: match Content key2=value2
2015-10-18 23:40:09,718 DEBUG: match Content key3=value3#xxx
2015-10-18 23:40:09,718 DEBUG: match title title
2015-10-18 23:40:09,718 DEBUG: match Content key1=value1
2015-10-18 23:40:09,718 DEBUG: match Content key2=value2
2015-10-18 23:40:09,734 DEBUG: match Content key3=value3#xxx
2015-10-18 23:40:10,733 DEBUG: match title title
2015-10-18 23:40:10,733 DEBUG: match Content key1=value1
2015-10-18 23:40:10,733 DEBUG: match Content key2=value2
2015-10-18 23:40:10,733 DEBUG: match Content key3=value3#xxx
2015-10-18 23:40:10,733 DEBUG: match title title
2015-10-18 23:40:10,748 DEBUG: match Content key1=value1
2015-10-18 23:40:10,748 DEBUG: match Content key2=value2
2015-10-18 23:40:10,748 DEBUG: match Content key3=value3#xxx
2015-10-18 23:40:11,980 DEBUG: match title title
2015-10-18 23:40:11,980 DEBUG: match Content key1=value1
2015-10-18 23:40:11,980 DEBUG: match Content key2=value2
2015-10-18 23:40:11,980 DEBUG: match Content key3=value3#xxx
2015-10-18 23:40:11,980 DEBUG: match title title
2015-10-18 23:40:11,980 DEBUG: match Content key1=value1
2015-10-18 23:40:11,980 DEBUG: match Content key2=value2
2015-10-18 23:40:11,980 DEBUG: match Content key3=value3#xxx
2015-10-18 23:40:13,025 DEBUG: match title title
2015-10-18 23:40:13,025 DEBUG: match Content key1=value1
2015-10-18 23:40:13,025 DEBUG: match Content key2=value2
2015-10-18 23:40:13,025 DEBUG: match Content key3=value3#xxx
2015-10-18 23:40:13,025 DEBUG: match title title
2015-10-18 23:40:13,025 DEBUG: match Content key1=value1
2015-10-18 23:40:13,025 DEBUG: match Content key2=value2
2015-10-18 23:40:13,041 DEBUG: match Content key3=value3#xxx
2015-10-18 23:40:13,853 DEBUG: match title title
2015-10-18 23:40:13,853 DEBUG: match Content key1=value1
2015-10-18 23:40:13,853 DEBUG: match Content key2=value2
2015-10-18 23:40:13,853 DEBUG: match Content key3=value3#xxx
2015-10-18 23:40:13,853 DEBUG: match title title
2015-10-18 23:40:13,868 DEBUG: match Content key1=value1
2015-10-18 23:40:13,868 DEBUG: match Content key2=value2
2015-10-18 23:40:13,868 DEBUG: match Content key3=value3#xxx
2015-10-18 23:40:14,695 DEBUG: match title title
2015-10-18 23:40:14,695 DEBUG: match Content key1=value1
2015-10-18 23:40:14,695 DEBUG: match Content key2=value2
2015-10-18 23:40:14,695 DEBUG: match Content key3=value3#xxx
2015-10-18 23:40:14,695 DEBUG: match title title
2015-10-18 23:40:14,710 DEBUG: match Content key1=value1
2015-10-18 23:40:14,710 DEBUG: match Content key2=value2
2015-10-18 23:40:14,710 DEBUG: match Content key3=value3#xxx
2015-10-18 23:41:03,008 DEBUG: match title title
2015-10-18 23:41:03,008 DEBUG: match Content key1=value1
2015-10-18 23:41:03,008 DEBUG: match Content key2=value2
2015-10-18 23:41:03,008 DEBUG: match Content key3=value3#xxx
2015-10-18 23:41:03,008 DEBUG: match Content =xx
2015-10-18 23:41:03,008 DEBUG: match Content xx=
2015-10-18 23:41:03,024 DEBUG: match title title
2015-10-18 23:41:03,024 DEBUG: match Content key1=value1
2015-10-18 23:41:03,024 DEBUG: match Content key2=value2
2015-10-18 23:41:03,024 DEBUG: match Content key3=value3#xxx
2015-10-18 23:41:03,024 DEBUG: match Content =xx
2015-10-18 23:41:03,024 DEBUG: match Content xx=
2015-10-18 23:42:46,936 DEBUG: match title title
2015-10-18 23:42:46,936 DEBUG: match Content key1=value1
2015-10-18 23:42:46,936 DEBUG: match Content key2=value2
2015-10-18 23:42:46,936 DEBUG: match Content key3=value3#xxx
2015-10-18 23:42:46,936 DEBUG: match title title
2015-10-18 23:42:46,936 DEBUG: match Content key1=value1
2015-10-18 23:42:46,936 DEBUG: match Content key2=value2
2015-10-18 23:42:46,952 DEBUG: match Content key3=value3#xxx
2015-10-18 23:42:51,335 DEBUG: match title title
2015-10-18 23:42:51,335 DEBUG: match Content key1=value1
2015-10-18 23:42:51,335 DEBUG: match Content key2=value2
2015-10-18 23:42:51,335 DEBUG: match Content key3=value3#xxx
2015-10-18 23:42:51,335 DEBUG: match title title
2015-10-18 23:42:51,335 DEBUG: match Content key1=value1
2015-10-18 23:42:51,335 DEBUG: match Content key2=value2
2015-10-18 23:42:51,335 DEBUG: match Content key3=value3#xxx
2015-10-18 23:42:52,490 DEBUG: match title title
2015-10-18 23:42:52,490 DEBUG: match Content key1=value1
2015-10-18 23:42:52,490 DEBUG: match Content key2=value2
2015-10-18 23:42:52,490 DEBUG: match Content key3=value3#xxx
2015-10-18 23:42:52,490 DEBUG: match title title
2015-10-18 23:42:52,490 DEBUG: match Content key1=value1
2015-10-18 23:42:52,490 DEBUG: match Content key2=value2
2015-10-18 23:42:52,506 DEBUG: match Content key3=value3#xxx
2015-10-18 23:42:54,128 DEBUG: match title title
2015-10-18 23:42:54,128 DEBUG: match Content key1=value1
2015-10-18 23:42:54,128 DEBUG: match Content key2=value2
2015-10-18 23:42:54,128 DEBUG: match Content key3=value3#xxx
2015-10-18 23:42:54,128 DEBUG: match title title
2015-10-18 23:42:54,128 DEBUG: match Content key1=value1
2015-10-18 23:42:54,128 DEBUG: match Content key2=value2
2015-10-18 23:42:54,128 DEBUG: match Content key3=value3#xxx
2015-10-18 23:42:55,173 DEBUG: match title title
2015-10-18 23:42:55,173 DEBUG: match Content key1=value1
2015-10-18 23:42:55,173 DEBUG: match Content key2=value2
2015-10-18 23:42:55,173 DEBUG: match Content key3=value3#xxx
2015-10-18 23:42:55,173 DEBUG: match title title
2015-10-18 23:42:55,173 DEBUG: match Content key1=value1
2015-10-18 23:42:55,173 DEBUG: match Content key2=value2
2015-10-18 23:42:55,173 DEBUG: match Content key3=value3#xxx
2015-10-18 23:43:34,454 DEBUG: match Content key1=value1
2015-10-18 23:44:40,208 DEBUG: match title title
2015-10-18 23:44:40,208 DEBUG: match title title
2015-10-18 23:44:40,208 DEBUG: match Content key1=value1
2015-10-18 23:44:40,208 DEBUG: match Content key2=value2
2015-10-18 23:44:40,208 DEBUG: match Content key3=value3#xxx
2015-10-18 23:44:40,208 DEBUG: match title title
2015-10-18 23:44:40,208 DEBUG: match title title
2015-10-18 23:44:40,208 DEBUG: match Content key1=value1
2015-10-18 23:44:40,224 DEBUG: match Content key2=value2
2015-10-18 23:44:40,224 DEBUG: match Content key3=value3#xxx
2015-10-18 23:44:42,049 DEBUG: match title title
2015-10-18 23:44:42,049 DEBUG: match title title
2015-10-18 23:44:42,049 DEBUG: match Content key1=value1
2015-10-18 23:44:42,049 DEBUG: match Content key2=value2
2015-10-18 23:44:42,049 DEBUG: match Content key3=value3#xxx
2015-10-18 23:44:42,049 DEBUG: match title title
2015-10-18 23:44:42,065 DEBUG: match title title
2015-10-18 23:44:42,065 DEBUG: match Content key1=value1
2015-10-18 23:44:42,065 DEBUG: match Content key2=value2
2015-10-18 23:44:42,065 DEBUG: match Content key3=value3#xxx
2015-10-18 23:48:27,768 DEBUG: match title title
2015-10-18 23:48:27,768 DEBUG: match Content key1=value1
2015-10-18 23:48:27,783 DEBUG: match Content key2=value2
2015-10-18 23:48:27,783 DEBUG: match Content key3=value3#xxx
2015-10-18 23:48:27,783 DEBUG: match title title
2015-10-18 23:48:27,783 DEBUG: match Content key1=value1
2015-10-18 23:48:27,783 DEBUG: match Content key2=value2
2015-10-18 23:48:27,783 DEBUG: match Content key3=value3#xxx
2015-10-18 23:48:33,648 DEBUG: match title title
2015-10-18 23:48:33,648 DEBUG: match Content key1=value1
2015-10-18 23:48:33,648 DEBUG: match Content key2=value2
2015-10-18 23:48:33,648 DEBUG: match Content key3=value3#xxx
2015-10-18 23:48:33,648 DEBUG: match title title
2015-10-18 23:48:33,664 DEBUG: match Content key1=value1
2015-10-18 23:48:33,664 DEBUG: match Content key2=value2
2015-10-18 23:48:33,664 DEBUG: match Content key3=value3#xxx
2015-10-18 23:48:48,655 DEBUG: match title title
2015-10-18 23:48:48,655 DEBUG: match Content key1=value1
2015-10-18 23:49:00,512 DEBUG: match title title
2015-10-18 23:49:00,512 DEBUG: match Content key1=value1
2015-10-18 23:49:00,512 DEBUG: match Content key2=value2
2015-10-18 23:49:00,512 DEBUG: match Content key3=value3#xxx
2015-10-18 23:49:00,527 DEBUG: match title title
2015-10-18 23:49:00,527 DEBUG: match Content key1=value1
2015-10-18 23:49:00,527 DEBUG: match Content key2=value2
2015-10-18 23:49:00,527 DEBUG: match Content key3=value3#xxx
2015-10-18 23:49:10,715 DEBUG: match title title
2015-10-18 23:49:10,715 DEBUG: match title title
2015-10-18 23:49:58,872 DEBUG: match Content key1=value1
2015-10-18 23:50:16,539 DEBUG: match title title
2015-10-18 23:50:16,540 DEBUG: match Content key1=value1
2015-10-18 23:50:16,541 DEBUG: match Content key2=value2
2015-10-18 23:50:16,542 DEBUG: match Content key3=value3#xxx
2015-10-18 23:50:16,544 DEBUG: match title title
2015-10-18 23:50:16,545 DEBUG: match Content key1=value1
2015-10-18 23:50:16,546 DEBUG: match Content key2=value2
2015-10-18 23:50:16,547 DEBUG: match Content key3=value3#xxx
2015-10-18 23:54:52,310 DEBUG: match title title
2015-10-18 23:54:52,310 DEBUG: match Content key1=value1
2015-10-18 23:54:52,310 DEBUG: match Content key2=value2
2015-10-18 23:54:52,310 DEBUG: match Content key3=value3#xxx
2015-10-18 23:55:05,367 DEBUG: match title title
2015-10-18 23:55:05,367 DEBUG: match Content key1=value1
2015-10-18 23:55:05,367 DEBUG: match Content key2=value2
2015-10-18 23:55:05,367 DEBUG: match Content key3=value3#xxx
2015-10-18 23:55:10,811 DEBUG: match title title
2015-10-18 23:55:10,811 DEBUG: match Content key1=value1
2015-10-18 23:55:10,811 DEBUG: match Content key2=value2
2015-10-18 23:55:10,811 DEBUG: match Content key3=value3#xxx
